<?xml version="1.0" encoding="UTF-8"?>
<!-- Generated by org.testng.reporters.JUnitXMLReporter -->
<testsuite hostname="TTLCPU1303081" name="TC_ID_004" tests="1" failures="1" timestamp="17 May 2018 06:06:31 GMT" time="47.423" errors="0">
  <testcase name="TC_ID_004Test" time="42.092" classname="com.INDUSIND.TestPages.Client.TC_ID_004">
    <failure type="java.lang.Exception" message="Error in transfer/refund.">
      <![CDATA[java.lang.Exception: Error in transfer/refund.
	at com.INDUSIND.TestPages.Client.TC_ID_004.TC_ID_004Test(TC_ID_004.java:127)
... Removed 24 stack frames]]>
    </failure>
  </testcase> <!-- TC_ID_004Test -->
</testsuite> <!-- TC_ID_004 -->
