<?xml version="1.0" encoding="UTF-8"?>
<!-- Generated by org.testng.reporters.JUnitXMLReporter -->
<testsuite hostname="TTLCPU1409132" name="TC_ID_003" tests="2" failures="2" timestamp="20 Aug 2018 07:15:10 GMT" time="137.557" errors="0">
  <testcase name="TC_ID_003Test" time="59.267" classname="com.INDUSIND.TestPages.ETenderingModule.TC_ID_003">
    <failure type="java.lang.Exception" message="Error in Maker Admin Creation.">
      <![CDATA[java.lang.Exception: Error in Maker Admin Creation.
	at com.INDUSIND.TestPages.ETenderingModule.TC_ID_003.TC_ID_003Test(TC_ID_003.java:167)
... Removed 24 stack frames]]>
    </failure>
  </testcase> <!-- TC_ID_003Test -->
  <testcase name="TC_ID_003Test" time="59.566" classname="com.INDUSIND.TestPages.ETenderingModule.TC_ID_003">
    <failure type="java.lang.Exception" message="Error in Checker Admin Creation.">
      <![CDATA[java.lang.Exception: Error in Checker Admin Creation.
	at com.INDUSIND.TestPages.ETenderingModule.TC_ID_003.TC_ID_003Test(TC_ID_003.java:179)
... Removed 24 stack frames]]>
    </failure>
  </testcase> <!-- TC_ID_003Test -->
</testsuite> <!-- TC_ID_003 -->
